<?xml version="1.0" encoding="UTF-8"?>
<!-- Generated by org.testng.reporters.JUnitReportReporter -->
<testsuite skipped="0" hostname="LAPTOP-EM3IQHN6" name="testngdemo.org.NewTest" tests="4" failures="0" timestamp="15 Apr 2021 03:05:01 GMT" time="4.370" errors="0">
  <testcase name="tc3" time="0.008" classname="testngdemo.org.NewTest"/>
  <testcase name="tc1" time="0.019" classname="testngdemo.org.NewTest"/>
  <testcase name="tc2" time="0.286" classname="testngdemo.org.NewTest"/>
  <testcase name="tc2" time="4.057" classname="testngdemo.org.NewTest"/>
</testsuite> <!-- testngdemo.org.NewTest -->
